<?xml version="1.0" encoding="UTF-8"?>
<testng-results ignored="0" total="2" passed="2" failed="0" skipped="0">
  <reporter-output>
  </reporter-output>
  <suite started-at="2025-07-09T21:31:40 EET" name="Default suite" finished-at="2025-07-09T21:31:42 EET" duration-ms="2356">
    <groups>
    </groups>
    <test started-at="2025-07-09T21:31:40 EET" name="Default test" finished-at="2025-07-09T21:31:42 EET" duration-ms="2356">
      <class name="ForLoopTask">
        <test-method is-config="true" signature="mySetup()[pri:0, instance:ForLoopTask@4c550889]" started-at="2025-07-09T21:31:40 EET" name="mySetup" finished-at="2025-07-09T21:31:41 EET" duration-ms="1294" status="PASS">
          <reporter-output>
          </reporter-output>
        </test-method> <!-- mySetup -->
        <test-method signature="login()[pri:1, instance:ForLoopTask@4c550889]" started-at="2025-07-09T21:31:41 EET" name="login" finished-at="2025-07-09T21:31:42 EET" duration-ms="460" status="PASS">
          <reporter-output>
          </reporter-output>
        </test-method> <!-- login -->
        <test-method signature="AddAllItemsToTheCart()[pri:2, instance:ForLoopTask@4c550889]" started-at="2025-07-09T21:31:42 EET" name="AddAllItemsToTheCart" finished-at="2025-07-09T21:31:42 EET" duration-ms="527" status="PASS">
          <reporter-output>
          </reporter-output>
        </test-method> <!-- AddAllItemsToTheCart -->
      </class> <!-- ForLoopTask -->
    </test> <!-- Default test -->
  </suite> <!-- Default suite -->
</testng-results>
